[2019-03-14 17:19:03] [info] Start Program:
Path:"D:\Learning\second half of the third year\软工\Wordlist\Debug\Wordlist.exe"
Arguments:
Working directory: "D:\Learning\second half of the third year\软工\Wordlist\Wordlist\"
Modules: Selected: D:\Learning\second half of the third year\软工\Wordlist\Debug\Wordlist.exe D:\Learning\second half of the third year\软工\Wordlist\Debug\InputUnitTest1.dll D:\Learning\second half of the third year\软工\Wordlist\Debug\FindLongestWordListUnitTest1.dll D:\Learning\second half of the third year\软工\Wordlist\Debug\ReadfileUnitTest1.dll Excluded: 
Sources: Selected: D:\Learning\second half of the third year\软工\Wordlist\Wordlist D:\Learning\second half of the third year\软工\Wordlist\InputUnitTest1 D:\Learning\second half of the third year\软工\Wordlist\FindLongestWordListUnitTest1 D:\Learning\second half of the third year\软工\Wordlist\ReadfileUnitTest1 Excluded: 
Log Level: Normal
Cover Children: 0
Aggregate by file: 1
Continue after C++ exception: 0
Optimized build support: 0
Export: Binary C:\Users\lenovo\AppData\Local\Temp\pi14mm5s.so2 
Input coverage: 
Unified diff: 
Excluded line regular expressions: 
Substitute pdb source paths: 

[2019-03-14 17:19:04] [info] Module: D:\Learning\second half of the third year\软工\Wordlist\Debug\Wordlist.exe is selected because it matches selected pattern: 
[2019-03-14 17:19:04] [info] ----------------------------------------------------
[2019-03-14 17:19:04] [info] Coverage binary generated in file: C:\Users\lenovo\AppData\Local\Temp\pi14mm5s.so2
[2019-03-14 17:19:04] [info] ----------------------------------------------------
